<?xml version="1.0" encoding="UTF-8"?>
<!-- Generated by org.testng.reporters.JUnitXMLReporter -->
<testsuite hostname="DL27-B9C8G12" name="Test" tests="4" failures="0" timestamp="13 Jul 2016 19:35:43 GMT" time="4.701" errors="0">
  <testcase name="Can_Navigate_To_Page" time="3.305" classname="tests.USCIS_AboutPageTests"/>
  <testcase name="Can_Navigate_To_Page" time="0.463" classname="tests.USCIS_AddContactPageTests"/>
  <testcase name="Can_Navigate_To_Page" time="0.545" classname="tests.USCIS_ContactListPageTests"/>
  <testcase name="Can_Navigate_To_Page" time="0.379" classname="tests.USCIS_HomePageTests"/>
</testsuite> <!-- Test -->
