<?xml version="1.0" encoding="UTF-8"?>
<!-- Generated by org.testng.reporters.JUnitXMLReporter -->
<testsuite hostname="DL27-B9C8G12" name="Test" tests="3" failures="0" timestamp="14 Jul 2016 15:35:07 GMT" time="4.144" errors="0">
  <testcase name="Can_Navigate_To_Page" time="3.317" classname="tests.USCIS_AddContactPageTests"/>
  <testcase name="Can_Navigate_To_Page" time="0.462" classname="tests.USCIS_ContactListPageTests"/>
  <testcase name="Can_Navigate_To_Page" time="0.356" classname="tests.USCIS_HomePageTests"/>
</testsuite> <!-- Test -->
