<?xml version="1.0" encoding="UTF-8"?>
<testng-results skipped="0" failed="0" total="4" passed="4">
  <reporter-output>
  </reporter-output>
  <suite name="Suite" duration-ms="4701" started-at="2016-07-13T19:35:38Z" finished-at="2016-07-13T19:35:43Z">
    <groups>
    </groups>
    <test name="Test" duration-ms="4701" started-at="2016-07-13T19:35:38Z" finished-at="2016-07-13T19:35:43Z">
      <class name="tests.USCIS_HomePageTests">
        <test-method status="PASS" signature="Can_Navigate_To_Page()[pri:0, instance:tests.USCIS_HomePageTests@1f2a3a5]" name="Can_Navigate_To_Page" duration-ms="379" started-at="2016-07-13T15:35:43Z" finished-at="2016-07-13T15:35:43Z">
          <reporter-output>
          </reporter-output>
        </test-method> <!-- Can_Navigate_To_Page -->
      </class> <!-- tests.USCIS_HomePageTests -->
      <class name="tests.USCIS_ContactListPageTests">
        <test-method status="PASS" signature="Can_Navigate_To_Page()[pri:0, instance:tests.USCIS_ContactListPageTests@1f792cf]" name="Can_Navigate_To_Page" duration-ms="545" started-at="2016-07-13T15:35:42Z" finished-at="2016-07-13T15:35:43Z">
          <reporter-output>
          </reporter-output>
        </test-method> <!-- Can_Navigate_To_Page -->
      </class> <!-- tests.USCIS_ContactListPageTests -->
      <class name="tests.USCIS_AboutPageTests">
        <test-method status="PASS" signature="Can_Navigate_To_Page()[pri:0, instance:tests.USCIS_AboutPageTests@addb54]" name="Can_Navigate_To_Page" duration-ms="3305" started-at="2016-07-13T15:35:38Z" finished-at="2016-07-13T15:35:42Z">
          <reporter-output>
          </reporter-output>
        </test-method> <!-- Can_Navigate_To_Page -->
        <test-method status="PASS" signature="closeDriver()[pri:0, instance:tests.USCIS_AboutPageTests@addb54]" name="closeDriver" is-config="true" duration-ms="5" started-at="2016-07-13T15:35:43Z" finished-at="2016-07-13T15:35:43Z">
          <reporter-output>
          </reporter-output>
        </test-method> <!-- closeDriver -->
        <test-method status="PASS" signature="closeDriver()[pri:0, instance:tests.USCIS_AddContactPageTests@b2c100]" name="closeDriver" is-config="true" duration-ms="3" started-at="2016-07-13T15:35:43Z" finished-at="2016-07-13T15:35:43Z">
          <reporter-output>
          </reporter-output>
        </test-method> <!-- closeDriver -->
        <test-method status="PASS" signature="closeDriver()[pri:0, instance:tests.USCIS_ContactListPageTests@1f792cf]" name="closeDriver" is-config="true" duration-ms="3" started-at="2016-07-13T15:35:43Z" finished-at="2016-07-13T15:35:43Z">
          <reporter-output>
          </reporter-output>
        </test-method> <!-- closeDriver -->
        <test-method status="PASS" signature="closeDriver()[pri:0, instance:tests.USCIS_HomePageTests@1f2a3a5]" name="closeDriver" is-config="true" duration-ms="4" started-at="2016-07-13T15:35:43Z" finished-at="2016-07-13T15:35:43Z">
          <reporter-output>
          </reporter-output>
        </test-method> <!-- closeDriver -->
      </class> <!-- tests.USCIS_AboutPageTests -->
      <class name="tests.USCIS_AddContactPageTests">
        <test-method status="PASS" signature="Can_Navigate_To_Page()[pri:0, instance:tests.USCIS_AddContactPageTests@b2c100]" name="Can_Navigate_To_Page" duration-ms="463" started-at="2016-07-13T15:35:42Z" finished-at="2016-07-13T15:35:42Z">
          <reporter-output>
          </reporter-output>
        </test-method> <!-- Can_Navigate_To_Page -->
      </class> <!-- tests.USCIS_AddContactPageTests -->
    </test> <!-- Test -->
  </suite> <!-- Suite -->
</testng-results>
