<?xml version="1.0" encoding="UTF-8"?>
<testng-results skipped="0" failed="0" total="3" passed="3">
  <reporter-output>
  </reporter-output>
  <suite name="Suite" duration-ms="4144" started-at="2016-07-14T15:35:03Z" finished-at="2016-07-14T15:35:07Z">
    <groups>
    </groups>
    <test name="Test" duration-ms="4144" started-at="2016-07-14T15:35:03Z" finished-at="2016-07-14T15:35:07Z">
      <class name="tests.USCIS_HomePageTests">
        <test-method status="PASS" signature="Can_Navigate_To_Page()[pri:0, instance:tests.USCIS_HomePageTests@1698539]" name="Can_Navigate_To_Page" duration-ms="356" started-at="2016-07-14T11:35:07Z" finished-at="2016-07-14T11:35:07Z">
          <reporter-output>
          </reporter-output>
        </test-method> <!-- Can_Navigate_To_Page -->
      </class> <!-- tests.USCIS_HomePageTests -->
      <class name="tests.USCIS_ContactListPageTests">
        <test-method status="PASS" signature="Can_Navigate_To_Page()[pri:0, instance:tests.USCIS_ContactListPageTests@addb54]" name="Can_Navigate_To_Page" duration-ms="462" started-at="2016-07-14T11:35:07Z" finished-at="2016-07-14T11:35:07Z">
          <reporter-output>
          </reporter-output>
        </test-method> <!-- Can_Navigate_To_Page -->
      </class> <!-- tests.USCIS_ContactListPageTests -->
      <class name="tests.USCIS_AddContactPageTests">
        <test-method status="PASS" signature="Can_Navigate_To_Page()[pri:0, instance:tests.USCIS_AddContactPageTests@67b872]" name="Can_Navigate_To_Page" duration-ms="3317" started-at="2016-07-14T11:35:03Z" finished-at="2016-07-14T11:35:07Z">
          <reporter-output>
          </reporter-output>
        </test-method> <!-- Can_Navigate_To_Page -->
        <test-method status="PASS" signature="closeDriver()[pri:0, instance:tests.USCIS_AddContactPageTests@67b872]" name="closeDriver" is-config="true" duration-ms="4" started-at="2016-07-14T11:35:07Z" finished-at="2016-07-14T11:35:07Z">
          <reporter-output>
          </reporter-output>
        </test-method> <!-- closeDriver -->
        <test-method status="PASS" signature="closeDriver()[pri:0, instance:tests.USCIS_ContactListPageTests@addb54]" name="closeDriver" is-config="true" duration-ms="4" started-at="2016-07-14T11:35:07Z" finished-at="2016-07-14T11:35:07Z">
          <reporter-output>
          </reporter-output>
        </test-method> <!-- closeDriver -->
        <test-method status="PASS" signature="closeDriver()[pri:0, instance:tests.USCIS_HomePageTests@1698539]" name="closeDriver" is-config="true" duration-ms="3" started-at="2016-07-14T11:35:07Z" finished-at="2016-07-14T11:35:07Z">
          <reporter-output>
          </reporter-output>
        </test-method> <!-- closeDriver -->
      </class> <!-- tests.USCIS_AddContactPageTests -->
    </test> <!-- Test -->
  </suite> <!-- Suite -->
</testng-results>
