<?xml version="1.0" encoding="UTF-8" ?>
<testsuite tests="4" failures="0" name="TestSuite" time="4.688" errors="0" skipped="0">
  <properties>
[...]
</properties>
  <testcase classname="tests.USCIS_AboutPageTests" name="Can_Navigate_To_Page" time="3.304"/>
  <testcase classname="tests.USCIS_AddContactPageTests" name="Can_Navigate_To_Page" time="0.46"/>
  <testcase classname="tests.USCIS_ContactListPageTests" name="Can_Navigate_To_Page" time="0.545"/>
  <testcase classname="tests.USCIS_HomePageTests" name="Can_Navigate_To_Page" time="0.379"/>
</testsuite>